2026-03-16 14:15:27 |  | ERROR  Error listing assets: 1 validation error for Asset
main_image
  Input should be a valid URL, relative URL without a base [type=url_parsing, input_value='/uploads/da8c779b8c1c4d1fa5ca15f859b2d853.jpg', input_type=str]
    For further information visit https://errors.pydantic.dev/2.12/v/url_parsing 
2026-03-16 14:16:44 |  | ERROR  Error listing assets: 1 validation error for Asset
main_image
  Input should be a valid URL, relative URL without a base [type=url_parsing, input_value='/uploads/da8c779b8c1c4d1fa5ca15f859b2d853.jpg', input_type=str]
    For further information visit https://errors.pydantic.dev/2.12/v/url_parsing 
2026-03-16 14:23:41 |  | ERROR  Error listing assets: 1 validation error for Asset
main_image
  Input should be a valid URL, relative URL without a base [type=url_parsing, input_value='/uploads/da8c779b8c1c4d1fa5ca15f859b2d853.jpg', input_type=str]
    For further information visit https://errors.pydantic.dev/2.12/v/url_parsing 
2026-03-16 15:39:37 |  | ERROR  Error creating user: 'async_generator' object has no attribute 'fetchrow' 
2026-03-16 15:45:30 |  | ERROR  Database connection error: 401: Incorrect email or password 
2026-03-16 15:45:41 |  | ERROR  Database connection error: 401: Incorrect email or password 
2026-03-16 16:05:21 |  | ERROR  Database connection error: 401: Incorrect email or password 
2026-03-16 16:05:24 |  | ERROR  Database connection error: 401: Incorrect email or password 
2026-03-16 16:05:51 |  | ERROR  Database connection error: 401: Incorrect email or password 
2026-03-16 16:05:56 |  | ERROR  Database connection error: 401: Incorrect email or password 
2026-03-16 16:05:58 |  | ERROR  Database connection error: 401: Incorrect email or password 
2026-03-17 14:23:16 |  | ERROR  Database connection error: 2 validation errors:
  {'type': 'missing', 'loc': ('body', 'asset_id'), 'msg': 'Field required', 'input': None}
  {'type': 'missing', 'loc': ('body', 'name'), 'msg': 'Field required', 'input': None}

  File "C:\Users\herik.rezende\Projetos\ativos-project\backend\api\v1\images.py", line 21, in add_image
    POST /api/v1/images/ 
2026-03-17 14:58:13 |  | ERROR  Database connection error: 401: Could not validate credentials 
2026-03-17 15:52:26 |  | ERROR  Database connection error: 1 validation error:
  {'type': 'missing', 'loc': ('body', 'file'), 'msg': 'Field required', 'input': None}

  File "C:\Users\herik.rezende\Projetos\ativos-project\backend\api\v1\images.py", line 43, in upload_image
    POST /api/v1/images/ 
2026-03-17 16:07:24 |  | ERROR  Database connection error: 1 validation error:
  {'type': 'missing', 'loc': ('body', 'file'), 'msg': 'Field required', 'input': None}

  File "C:\Users\herik.rezende\Projetos\ativos-project\backend\api\v1\images.py", line 43, in upload_image
    POST /api/v1/images/ 
2026-03-17 16:12:59 |  | ERROR  Database connection error: 1 validation error:
  {'type': 'missing', 'loc': ('body', 'file'), 'msg': 'Field required', 'input': None}

  File "C:\Users\herik.rezende\Projetos\ativos-project\backend\api\v1\images.py", line 43, in upload_image
    POST /api/v1/images/ 
2026-03-17 16:19:24 |  | ERROR  Database connection error: 1 validation error:
  {'type': 'missing', 'loc': ('body', 'file'), 'msg': 'Field required', 'input': None}

  File "C:\Users\herik.rezende\Projetos\ativos-project\backend\api\v1\images.py", line 43, in upload_image
    POST /api/v1/images/ 
2026-03-17 16:28:45 |  | ERROR  Database connection error: 1 validation error:
  {'type': 'missing', 'loc': ('body', 'file'), 'msg': 'Field required', 'input': None}

  File "C:\Users\herik.rezende\Projetos\ativos-project\backend\api\v1\images.py", line 43, in upload_image
    POST /api/v1/images/ 
2026-03-17 16:33:23 |  | ERROR  Database connection error: 401: Could not validate credentials 
2026-03-17 16:34:58 |  | ERROR  Database connection error: 2 validation errors for ImageMetadata
asset_id
  Field required [type=missing, input_value={'filename': '6a306e4178a...-03-17T16:34:58.739303'}, input_type=dict]
    For further information visit https://errors.pydantic.dev/2.12/v/missing
name
  Field required [type=missing, input_value={'filename': '6a306e4178a...-03-17T16:34:58.739303'}, input_type=dict]
    For further information visit https://errors.pydantic.dev/2.12/v/missing 
2026-03-17 16:43:36 |  | ERROR  Database connection error: 2 validation errors for ImageMetadata
asset_id
  Field required [type=missing, input_value={'filename': 'cb158e28efb...-03-17T16:43:12.090069'}, input_type=dict]
    For further information visit https://errors.pydantic.dev/2.12/v/missing
name
  Field required [type=missing, input_value={'filename': 'cb158e28efb...-03-17T16:43:12.090069'}, input_type=dict]
    For further information visit https://errors.pydantic.dev/2.12/v/missing 
2026-03-19 09:27:41 |  | ERROR  Database connection error: Can't instantiate abstract class SQLImageRepository without an implementation for abstract method 'update' 
2026-03-19 09:27:41 |  | ERROR  Database connection error: Can't instantiate abstract class SQLImageRepository without an implementation for abstract method 'update' 
2026-03-19 09:27:47 |  | ERROR  Database connection error: Can't instantiate abstract class SQLImageRepository without an implementation for abstract method 'update' 
2026-03-19 09:27:47 |  | ERROR  Database connection error: Can't instantiate abstract class SQLImageRepository without an implementation for abstract method 'update' 
2026-03-19 09:28:07 |  | ERROR  Database connection error: Can't instantiate abstract class SQLImageRepository without an implementation for abstract method 'update' 
2026-03-19 09:28:07 |  | ERROR  Database connection error: Can't instantiate abstract class SQLImageRepository without an implementation for abstract method 'update' 
2026-03-19 09:28:36 |  | ERROR  Database connection error: Can't instantiate abstract class SQLImageRepository without an implementation for abstract method 'update' 
2026-03-19 09:28:36 |  | ERROR  Database connection error: Can't instantiate abstract class SQLImageRepository without an implementation for abstract method 'update' 
2026-03-19 09:28:57 |  | ERROR  Database connection error: Can't instantiate abstract class SQLImageRepository without an implementation for abstract method 'update' 
2026-03-19 09:29:17 |  | ERROR  Database connection error: Can't instantiate abstract class SQLImageRepository without an implementation for abstract method 'update' 
2026-03-19 09:29:29 |  | ERROR  Database connection error: Can't instantiate abstract class SQLImageRepository without an implementation for abstract method 'update' 
2026-03-19 09:30:48 |  | ERROR  Database connection error: Can't instantiate abstract class SQLImageRepository without an implementation for abstract method 'update' 
2026-03-19 09:31:33 |  | ERROR  Database connection error: Can't instantiate abstract class SQLImageRepository without an implementation for abstract method 'update' 
2026-03-19 14:10:50 |  | ERROR  Database connection error: 401: Could not validate credentials 
2026-03-19 14:14:18 |  | ERROR  Database connection error: 400: {'message': "13 validation errors for Asset\nslug\n  Value error, Slug cannot be empty [type=value_error, input_value='', input_type=str]\n    For further information visit https://errors.pydantic.dev/2.12/v/value_error\nname\n  Field required [type=missing, input_value={'asset_data': {'name': '...tus.PENDING: 'PENDING'>}, input_type=dict]\n    For further information visit https://errors.pydantic.dev/2.12/v/missing\ncategory\n  Field required [type=missing, input_value={'asset_data': {'name': '...tus.PENDING: 'PENDING'>}, input_type=dict]\n    For further information visit https://errors.pydantic.dev/2.12/v/missing\nsubcategory\n  Field required [type=missing, input_value={'asset_data': {'name': '...tus.PENDING: 'PENDING'>}, input_type=dict]\n    For further information visit https://errors.pydantic.dev/2.12/v/missing\nbrand\n  Field required [type=missing, input_value={'asset_data': {'name': '...tus.PENDING: 'PENDING'>}, input_type=dict]\n    For further information visit https://errors.pydantic.dev/2.12/v/missing\nmodel\n  Field required [type=missing, input_value={'asset_data': {'name': '...tus.PENDING: 'PENDING'>}, input_type=dict]\n    For further information visit https://errors.pydantic.dev/2.12/v/missing\nyear\n  Field required [type=missing, input_value={'asset_data': {'name': '...tus.PENDING: 'PENDING'>}, input_type=dict]\n    For further information visit https://errors.pydantic.dev/2.12/v/missing\nserial_number\n  Field required [type=missing, input_value={'asset_data': {'name': '...tus.PENDING: 'PENDING'>}, input_type=dict]\n    For further information visit https://errors.pydantic.dev/2.12/v/missing\nlocation\n  Field required [type=missing, input_value={'asset_data': {'name': '...tus.PENDING: 'PENDING'>}, input_type=dict]\n    For further information visit https://errors.pydantic.dev/2.12/v/missing\ncondition\n  Field required [type=missing, input_value={'asset_data': {'name': '...tus.PENDING: 'PENDING'>}, input_type=dict]\n    For further information visit https://errors.pydantic.dev/2.12/v/missing\ndescription\n  Field required [type=missing, input_value={'asset_data': {'name': '...tus.PENDING: 'PENDING'>}, input_type=dict]\n    For further information visit https://errors.pydantic.dev/2.12/v/missing\nmain_image\n  Field required [type=missing, input_value={'asset_data': {'name': '...tus.PENDING: 'PENDING'>}, input_type=dict]\n    For further information visit https://errors.pydantic.dev/2.12/v/missing\nbranch_id\n  Field required [type=missing, input_value={'asset_data': {'name': '...tus.PENDING: 'PENDING'>}, input_type=dict]\n    For further information visit https://errors.pydantic.dev/2.12/v/missing", 'code': 'validation_error'} 
2026-03-19 14:39:40 |  | ERROR  Database connection error: 400: {'message': "13 validation errors for Asset\nslug\n  Value error, Slug cannot be empty [type=value_error, input_value='', input_type=str]\n    For further information visit https://errors.pydantic.dev/2.12/v/value_error\nname\n  Field required [type=missing, input_value={'asset_data': {'name': '...tus.PENDING: 'PENDING'>}, input_type=dict]\n    For further information visit https://errors.pydantic.dev/2.12/v/missing\ncategory\n  Field required [type=missing, input_value={'asset_data': {'name': '...tus.PENDING: 'PENDING'>}, input_type=dict]\n    For further information visit https://errors.pydantic.dev/2.12/v/missing\nsubcategory\n  Field required [type=missing, input_value={'asset_data': {'name': '...tus.PENDING: 'PENDING'>}, input_type=dict]\n    For further information visit https://errors.pydantic.dev/2.12/v/missing\nbrand\n  Field required [type=missing, input_value={'asset_data': {'name': '...tus.PENDING: 'PENDING'>}, input_type=dict]\n    For further information visit https://errors.pydantic.dev/2.12/v/missing\nmodel\n  Field required [type=missing, input_value={'asset_data': {'name': '...tus.PENDING: 'PENDING'>}, input_type=dict]\n    For further information visit https://errors.pydantic.dev/2.12/v/missing\nyear\n  Field required [type=missing, input_value={'asset_data': {'name': '...tus.PENDING: 'PENDING'>}, input_type=dict]\n    For further information visit https://errors.pydantic.dev/2.12/v/missing\nserial_number\n  Field required [type=missing, input_value={'asset_data': {'name': '...tus.PENDING: 'PENDING'>}, input_type=dict]\n    For further information visit https://errors.pydantic.dev/2.12/v/missing\nlocation\n  Field required [type=missing, input_value={'asset_data': {'name': '...tus.PENDING: 'PENDING'>}, input_type=dict]\n    For further information visit https://errors.pydantic.dev/2.12/v/missing\ncondition\n  Field required [type=missing, input_value={'asset_data': {'name': '...tus.PENDING: 'PENDING'>}, input_type=dict]\n    For further information visit https://errors.pydantic.dev/2.12/v/missing\ndescription\n  Field required [type=missing, input_value={'asset_data': {'name': '...tus.PENDING: 'PENDING'>}, input_type=dict]\n    For further information visit https://errors.pydantic.dev/2.12/v/missing\nmain_image\n  Field required [type=missing, input_value={'asset_data': {'name': '...tus.PENDING: 'PENDING'>}, input_type=dict]\n    For further information visit https://errors.pydantic.dev/2.12/v/missing\nbranch_id\n  Field required [type=missing, input_value={'asset_data': {'name': '...tus.PENDING: 'PENDING'>}, input_type=dict]\n    For further information visit https://errors.pydantic.dev/2.12/v/missing", 'code': 'validation_error'} 
2026-03-19 15:59:22 |  | ERROR  Database connection error: 500: {'message': 'Failed to list assets', 'code': 'infrastructure_error'} 
2026-03-19 16:07:54 |  | ERROR  Database connection error: 500: {'message': 'Failed to list assets', 'code': 'infrastructure_error'} 
2026-03-19 16:08:22 |  | ERROR  Error listing assets: erro de sintaxe em ou próximo a "AND" 
2026-03-19 16:08:22 |  | ERROR  Database connection error: 500: {'message': 'Failed to list assets', 'code': 'infrastructure_error'} 
2026-03-19 16:10:23 |  | ERROR  Error listing assets: erro de sintaxe em ou próximo a "AND" 
2026-03-19 16:10:23 |  | ERROR  Database connection error: 500: {'message': 'Failed to list assets', 'code': 'infrastructure_error'} 
2026-03-19 16:11:55 |  | ERROR  Error listing assets: erro de sintaxe em ou próximo a "AND" 
2026-03-19 16:11:55 |  | ERROR  Database connection error: 500: {'message': 'Failed to list assets', 'code': 'infrastructure_error'} 
2026-03-19 16:13:29 |  | ERROR  Error fetching featured assets: coluna "is_featured" năo existe 
2026-03-19 16:13:29 |  | ERROR  Database connection error: 500: {'message': 'Failed to fetch featured assets', 'code': 'infrastructure_error'} 
2026-03-19 16:28:26 |  | ERROR  Error fetching asset by ID: invalid input for query argument $1: '1' (invalid UUID '1': length must be between 32..36 characters, got 1) 
2026-03-19 16:28:26 |  | ERROR  Database connection error: 500: {'message': 'Failed to fetch asset by ID', 'code': 'infrastructure_error'} 
2026-03-19 16:28:32 |  | ERROR  Error fetching asset by ID: invalid input for query argument $1: '132eaqwdqwqw' (invalid UUID '132eaqwdqwqw': length must be between 32..36 characters, got 12) 
2026-03-19 16:28:32 |  | ERROR  Database connection error: 500: {'message': 'Failed to fetch asset by ID', 'code': 'infrastructure_error'} 
2026-03-19 16:28:39 |  | ERROR  Error fetching asset by ID: invalid input for query argument $1: '132eaqwdqwqwqwdqwdqwdqwdqwdqwd' (invalid UUID '132eaqwdqwqwqwdqwdqwdqwdqwdqwd': length must be between 32..36 characters, got 30) 
2026-03-19 16:28:39 |  | ERROR  Database connection error: 500: {'message': 'Failed to fetch asset by ID', 'code': 'infrastructure_error'} 
2026-03-19 16:28:44 |  | ERROR  Error fetching asset by ID: invalid input for query argument $1: '132eaqwdqwqwqwdqwdqwdqwdqwdqwwwd' (invalid UUID '132eaqwdqwqwqwdqwdqwdqwdqwdqwwwd': unexpected character 'q') 
2026-03-19 16:28:44 |  | ERROR  Database connection error: 500: {'message': 'Failed to fetch asset by ID', 'code': 'infrastructure_error'} 
2026-03-19 16:45:36 |  | ERROR  Database connection error: 12 validation errors:
  {'type': 'missing', 'loc': ('body', 'name'), 'msg': 'Field required', 'input': {'asset_data': {'name': 'BT-19', 'category': 'OTHER', 'subcategory': 'Betoneira', 'brand': 'Volvo', 'model': '10C150', 'year': '2022', 'serial_number': '123.65954', 'location': '', 'condition': 'GOOD', 'status': 'PENDING', 'description': '', 'images': [], 'is_featured': False, 'main_image': '', 'gallery': []}}}
  {'type': 'missing', 'loc': ('body', 'category'), 'msg': 'Field required', 'input': {'asset_data': {'name': 'BT-19', 'category': 'OTHER', 'subcategory': 'Betoneira', 'brand': 'Volvo', 'model': '10C150', 'year': '2022', 'serial_number': '123.65954', 'location': '', 'condition': 'GOOD', 'status': 'PENDING', 'description': '', 'images': [], 'is_featured': False, 'main_image': '', 'gallery': []}}}
  {'type': 'missing', 'loc': ('body', 'subcategory'), 'msg': 'Field required', 'input': {'asset_data': {'name': 'BT-19', 'category': 'OTHER', 'subcategory': 'Betoneira', 'brand': 'Volvo', 'model': '10C150', 'year': '2022', 'serial_number': '123.65954', 'location': '', 'condition': 'GOOD', 'status': 'PENDING', 'description': '', 'images': [], 'is_featured': False, 'main_image': '', 'gallery': []}}}
  {'type': 'missing', 'loc': ('body', 'brand'), 'msg': 'Field required', 'input': {'asset_data': {'name': 'BT-19', 'category': 'OTHER', 'subcategory': 'Betoneira', 'brand': 'Volvo', 'model': '10C150', 'year': '2022', 'serial_number': '123.65954', 'location': '', 'condition': 'GOOD', 'status': 'PENDING', 'description': '', 'images': [], 'is_featured': False, 'main_image': '', 'gallery': []}}}
  {'type': 'missing', 'loc': ('body', 'model'), 'msg': 'Field required', 'input': {'asset_data': {'name': 'BT-19', 'category': 'OTHER', 'subcategory': 'Betoneira', 'brand': 'Volvo', 'model': '10C150', 'year': '2022', 'serial_number': '123.65954', 'location': '', 'condition': 'GOOD', 'status': 'PENDING', 'description': '', 'images': [], 'is_featured': False, 'main_image': '', 'gallery': []}}}
  {'type': 'missing', 'loc': ('body', 'year'), 'msg': 'Field required', 'input': {'asset_data': {'name': 'BT-19', 'category': 'OTHER', 'subcategory': 'Betoneira', 'brand': 'Volvo', 'model': '10C150', 'year': '2022', 'serial_number': '123.65954', 'location': '', 'condition': 'GOOD', 'status': 'PENDING', 'description': '', 'images': [], 'is_featured': False, 'main_image': '', 'gallery': []}}}
  {'type': 'missing', 'loc': ('body', 'serial_number'), 'msg': 'Field required', 'input': {'asset_data': {'name': 'BT-19', 'category': 'OTHER', 'subcategory': 'Betoneira', 'brand': 'Volvo', 'model': '10C150', 'year': '2022', 'serial_number': '123.65954', 'location': '', 'condition': 'GOOD', 'status': 'PENDING', 'description': '', 'images': [], 'is_featured': False, 'main_image': '', 'gallery': []}}}
  {'type': 'missing', 'loc': ('body', 'location'), 'msg': 'Field required', 'input': {'asset_data': {'name': 'BT-19', 'category': 'OTHER', 'subcategory': 'Betoneira', 'brand': 'Volvo', 'model': '10C150', 'year': '2022', 'serial_number': '123.65954', 'location': '', 'condition': 'GOOD', 'status': 'PENDING', 'description': '', 'images': [], 'is_featured': False, 'main_image': '', 'gallery': []}}}
  {'type': 'missing', 'loc': ('body', 'condition'), 'msg': 'Field required', 'input': {'asset_data': {'name': 'BT-19', 'category': 'OTHER', 'subcategory': 'Betoneira', 'brand': 'Volvo', 'model': '10C150', 'year': '2022', 'serial_number': '123.65954', 'location': '', 'condition': 'GOOD', 'status': 'PENDING', 'description': '', 'images': [], 'is_featured': False, 'main_image': '', 'gallery': []}}}
  {'type': 'missing', 'loc': ('body', 'description'), 'msg': 'Field required', 'input': {'asset_data': {'name': 'BT-19', 'category': 'OTHER', 'subcategory': 'Betoneira', 'brand': 'Volvo', 'model': '10C150', 'year': '2022', 'serial_number': '123.65954', 'location': '', 'condition': 'GOOD', 'status': 'PENDING', 'description': '', 'images': [], 'is_featured': False, 'main_image': '', 'gallery': []}}}
  {'type': 'missing', 'loc': ('body', 'main_image'), 'msg': 'Field required', 'input': {'asset_data': {'name': 'BT-19', 'category': 'OTHER', 'subcategory': 'Betoneira', 'brand': 'Volvo', 'model': '10C150', 'year': '2022', 'serial_number': '123.65954', 'location': '', 'condition': 'GOOD', 'status': 'PENDING', 'description': '', 'images': [], 'is_featured': False, 'main_image': '', 'gallery': []}}}
  {'type': 'missing', 'loc': ('body', 'created_by_user_id'), 'msg': 'Field required', 'input': {'asset_data': {'name': 'BT-19', 'category': 'OTHER', 'subcategory': 'Betoneira', 'brand': 'Volvo', 'model': '10C150', 'year': '2022', 'serial_number': '123.65954', 'location': '', 'condition': 'GOOD', 'status': 'PENDING', 'description': '', 'images': [], 'is_featured': False, 'main_image': '', 'gallery': []}}}

  File "C:\Users\herik.rezende\Projetos\ativos-project\backend\api\v1\admin_assets.py", line 23, in create_asset
    POST /api/v1/admin/assets/ 
2026-03-19 16:46:31 |  | ERROR  Database connection error: 7 validation errors:
  {'type': 'enum', 'loc': ('body', 'category'), 'msg': "Input should be 'CAMINHŐES', 'ESCAVADEIRAS', 'BRITADORES', 'MOTONIVELADORAS', 'PLANTA', 'PEÇAS' or 'OUTROS'", 'input': 'OTHER', 'ctx': {'expected': "'CAMINHŐES', 'ESCAVADEIRAS', 'BRITADORES', 'MOTONIVELADORAS', 'PLANTA', 'PEÇAS' or 'OUTROS'"}}
  {'type': 'string_too_short', 'loc': ('body', 'location'), 'msg': 'String should have at least 2 characters', 'input': '', 'ctx': {'min_length': 2}}
  {'type': 'enum', 'loc': ('body', 'status'), 'msg': "Input should be 'PENDENTE', 'DISPONÍVEL', 'RESERVADO', 'VENDIDO' or 'REJEITADO'", 'input': 'PENDING', 'ctx': {'expected': "'PENDENTE', 'DISPONÍVEL', 'RESERVADO', 'VENDIDO' or 'REJEITADO'"}}
  {'type': 'enum', 'loc': ('body', 'condition'), 'msg': "Input should be 'EXCELENTE', 'BOM' or 'REGULAR'", 'input': 'GOOD', 'ctx': {'expected': "'EXCELENTE', 'BOM' or 'REGULAR'"}}
  {'type': 'string_too_short', 'loc': ('body', 'description'), 'msg': 'String should have at least 10 characters', 'input': '', 'ctx': {'min_length': 10}}
  {'type': 'string_too_short', 'loc': ('body', 'main_image'), 'msg': 'String should have at least 5 characters', 'input': '', 'ctx': {'min_length': 5}}
  {'type': 'missing', 'loc': ('body', 'created_by_user_id'), 'msg': 'Field required', 'input': {'name': 'BT-19', 'category': 'OTHER', 'subcategory': 'Betoneira', 'brand': 'Volvo', 'model': '10C150', 'year': '2022', 'serial_number': '123.65954', 'location': '', 'condition': 'GOOD', 'status': 'PENDING', 'description': '', 'images': [], 'is_featured': False, 'main_image': '', 'gallery': []}}

  File "C:\Users\herik.rezende\Projetos\ativos-project\backend\api\v1\admin_assets.py", line 23, in create_asset
    POST /api/v1/admin/assets/ 
2026-03-19 16:47:04 |  | ERROR  Database connection error: 7 validation errors:
  {'type': 'enum', 'loc': ('body', 'category'), 'msg': "Input should be 'CAMINHŐES', 'ESCAVADEIRAS', 'BRITADORES', 'MOTONIVELADORAS', 'PLANTA', 'PEÇAS' or 'OUTROS'", 'input': 'OTHER', 'ctx': {'expected': "'CAMINHŐES', 'ESCAVADEIRAS', 'BRITADORES', 'MOTONIVELADORAS', 'PLANTA', 'PEÇAS' or 'OUTROS'"}}
  {'type': 'string_too_short', 'loc': ('body', 'location'), 'msg': 'String should have at least 2 characters', 'input': '', 'ctx': {'min_length': 2}}
  {'type': 'enum', 'loc': ('body', 'status'), 'msg': "Input should be 'PENDENTE', 'DISPONÍVEL', 'RESERVADO', 'VENDIDO' or 'REJEITADO'", 'input': 'PENDING', 'ctx': {'expected': "'PENDENTE', 'DISPONÍVEL', 'RESERVADO', 'VENDIDO' or 'REJEITADO'"}}
  {'type': 'enum', 'loc': ('body', 'condition'), 'msg': "Input should be 'EXCELENTE', 'BOM' or 'REGULAR'", 'input': 'GOOD', 'ctx': {'expected': "'EXCELENTE', 'BOM' or 'REGULAR'"}}
  {'type': 'string_too_short', 'loc': ('body', 'description'), 'msg': 'String should have at least 10 characters', 'input': '', 'ctx': {'min_length': 10}}
  {'type': 'string_too_short', 'loc': ('body', 'main_image'), 'msg': 'String should have at least 5 characters', 'input': '', 'ctx': {'min_length': 5}}
  {'type': 'missing', 'loc': ('body', 'created_by_user_id'), 'msg': 'Field required', 'input': {'name': 'BT-19', 'category': 'OTHER', 'subcategory': 'Betoneira', 'brand': 'Volvo', 'model': '10C150', 'year': '2022', 'serial_number': '123.65954', 'location': '', 'condition': 'GOOD', 'status': 'PENDING', 'description': '', 'images': [], 'is_featured': False, 'main_image': '', 'gallery': []}}

  File "C:\Users\herik.rezende\Projetos\ativos-project\backend\api\v1\admin_assets.py", line 23, in create_asset
    POST /api/v1/admin/assets/ 
2026-03-19 16:47:43 |  | ERROR  Database connection error: 12 validation errors:
  {'type': 'missing', 'loc': ('body', 'name'), 'msg': 'Field required', 'input': {'asset_data': {'name': 'BT-19', 'category': 'OTHER', 'subcategory': 'Betoneira', 'brand': 'Volvo', 'model': '10C150', 'year': '2022', 'serial_number': '123.65954', 'location': '', 'condition': 'GOOD', 'status': 'PENDING', 'description': '', 'images': [], 'is_featured': False, 'main_image': '', 'gallery': []}}}
  {'type': 'missing', 'loc': ('body', 'category'), 'msg': 'Field required', 'input': {'asset_data': {'name': 'BT-19', 'category': 'OTHER', 'subcategory': 'Betoneira', 'brand': 'Volvo', 'model': '10C150', 'year': '2022', 'serial_number': '123.65954', 'location': '', 'condition': 'GOOD', 'status': 'PENDING', 'description': '', 'images': [], 'is_featured': False, 'main_image': '', 'gallery': []}}}
  {'type': 'missing', 'loc': ('body', 'subcategory'), 'msg': 'Field required', 'input': {'asset_data': {'name': 'BT-19', 'category': 'OTHER', 'subcategory': 'Betoneira', 'brand': 'Volvo', 'model': '10C150', 'year': '2022', 'serial_number': '123.65954', 'location': '', 'condition': 'GOOD', 'status': 'PENDING', 'description': '', 'images': [], 'is_featured': False, 'main_image': '', 'gallery': []}}}
  {'type': 'missing', 'loc': ('body', 'brand'), 'msg': 'Field required', 'input': {'asset_data': {'name': 'BT-19', 'category': 'OTHER', 'subcategory': 'Betoneira', 'brand': 'Volvo', 'model': '10C150', 'year': '2022', 'serial_number': '123.65954', 'location': '', 'condition': 'GOOD', 'status': 'PENDING', 'description': '', 'images': [], 'is_featured': False, 'main_image': '', 'gallery': []}}}
  {'type': 'missing', 'loc': ('body', 'model'), 'msg': 'Field required', 'input': {'asset_data': {'name': 'BT-19', 'category': 'OTHER', 'subcategory': 'Betoneira', 'brand': 'Volvo', 'model': '10C150', 'year': '2022', 'serial_number': '123.65954', 'location': '', 'condition': 'GOOD', 'status': 'PENDING', 'description': '', 'images': [], 'is_featured': False, 'main_image': '', 'gallery': []}}}
  {'type': 'missing', 'loc': ('body', 'year'), 'msg': 'Field required', 'input': {'asset_data': {'name': 'BT-19', 'category': 'OTHER', 'subcategory': 'Betoneira', 'brand': 'Volvo', 'model': '10C150', 'year': '2022', 'serial_number': '123.65954', 'location': '', 'condition': 'GOOD', 'status': 'PENDING', 'description': '', 'images': [], 'is_featured': False, 'main_image': '', 'gallery': []}}}
  {'type': 'missing', 'loc': ('body', 'serial_number'), 'msg': 'Field required', 'input': {'asset_data': {'name': 'BT-19', 'category': 'OTHER', 'subcategory': 'Betoneira', 'brand': 'Volvo', 'model': '10C150', 'year': '2022', 'serial_number': '123.65954', 'location': '', 'condition': 'GOOD', 'status': 'PENDING', 'description': '', 'images': [], 'is_featured': False, 'main_image': '', 'gallery': []}}}
  {'type': 'missing', 'loc': ('body', 'location'), 'msg': 'Field required', 'input': {'asset_data': {'name': 'BT-19', 'category': 'OTHER', 'subcategory': 'Betoneira', 'brand': 'Volvo', 'model': '10C150', 'year': '2022', 'serial_number': '123.65954', 'location': '', 'condition': 'GOOD', 'status': 'PENDING', 'description': '', 'images': [], 'is_featured': False, 'main_image': '', 'gallery': []}}}
  {'type': 'missing', 'loc': ('body', 'condition'), 'msg': 'Field required', 'input': {'asset_data': {'name': 'BT-19', 'category': 'OTHER', 'subcategory': 'Betoneira', 'brand': 'Volvo', 'model': '10C150', 'year': '2022', 'serial_number': '123.65954', 'location': '', 'condition': 'GOOD', 'status': 'PENDING', 'description': '', 'images': [], 'is_featured': False, 'main_image': '', 'gallery': []}}}
  {'type': 'missing', 'loc': ('body', 'description'), 'msg': 'Field required', 'input': {'asset_data': {'name': 'BT-19', 'category': 'OTHER', 'subcategory': 'Betoneira', 'brand': 'Volvo', 'model': '10C150', 'year': '2022', 'serial_number': '123.65954', 'location': '', 'condition': 'GOOD', 'status': 'PENDING', 'description': '', 'images': [], 'is_featured': False, 'main_image': '', 'gallery': []}}}
  {'type': 'missing', 'loc': ('body', 'main_image'), 'msg': 'Field required', 'input': {'asset_data': {'name': 'BT-19', 'category': 'OTHER', 'subcategory': 'Betoneira', 'brand': 'Volvo', 'model': '10C150', 'year': '2022', 'serial_number': '123.65954', 'location': '', 'condition': 'GOOD', 'status': 'PENDING', 'description': '', 'images': [], 'is_featured': False, 'main_image': '', 'gallery': []}}}
  {'type': 'missing', 'loc': ('body', 'created_by_user_id'), 'msg': 'Field required', 'input': {'asset_data': {'name': 'BT-19', 'category': 'OTHER', 'subcategory': 'Betoneira', 'brand': 'Volvo', 'model': '10C150', 'year': '2022', 'serial_number': '123.65954', 'location': '', 'condition': 'GOOD', 'status': 'PENDING', 'description': '', 'images': [], 'is_featured': False, 'main_image': '', 'gallery': []}}}

  File "C:\Users\herik.rezende\Projetos\ativos-project\backend\api\v1\admin_assets.py", line 23, in create_asset
    POST /api/v1/admin/assets/ 
2026-03-19 16:55:08 |  | ERROR  Database connection error: 12 validation errors:
  {'type': 'missing', 'loc': ('body', 'name'), 'msg': 'Field required', 'input': {'asset_data': {'name': 'BT-19', 'category': 'OTHER', 'subcategory': 'Betoneira', 'brand': 'Volvo', 'model': '10C150', 'year': '2022', 'serial_number': '123.65954', 'location': '', 'condition': 'GOOD', 'status': 'PENDING', 'description': '', 'images': [], 'is_featured': False, 'main_image': '', 'gallery': []}}}
  {'type': 'missing', 'loc': ('body', 'category'), 'msg': 'Field required', 'input': {'asset_data': {'name': 'BT-19', 'category': 'OTHER', 'subcategory': 'Betoneira', 'brand': 'Volvo', 'model': '10C150', 'year': '2022', 'serial_number': '123.65954', 'location': '', 'condition': 'GOOD', 'status': 'PENDING', 'description': '', 'images': [], 'is_featured': False, 'main_image': '', 'gallery': []}}}
  {'type': 'missing', 'loc': ('body', 'subcategory'), 'msg': 'Field required', 'input': {'asset_data': {'name': 'BT-19', 'category': 'OTHER', 'subcategory': 'Betoneira', 'brand': 'Volvo', 'model': '10C150', 'year': '2022', 'serial_number': '123.65954', 'location': '', 'condition': 'GOOD', 'status': 'PENDING', 'description': '', 'images': [], 'is_featured': False, 'main_image': '', 'gallery': []}}}
  {'type': 'missing', 'loc': ('body', 'brand'), 'msg': 'Field required', 'input': {'asset_data': {'name': 'BT-19', 'category': 'OTHER', 'subcategory': 'Betoneira', 'brand': 'Volvo', 'model': '10C150', 'year': '2022', 'serial_number': '123.65954', 'location': '', 'condition': 'GOOD', 'status': 'PENDING', 'description': '', 'images': [], 'is_featured': False, 'main_image': '', 'gallery': []}}}
  {'type': 'missing', 'loc': ('body', 'model'), 'msg': 'Field required', 'input': {'asset_data': {'name': 'BT-19', 'category': 'OTHER', 'subcategory': 'Betoneira', 'brand': 'Volvo', 'model': '10C150', 'year': '2022', 'serial_number': '123.65954', 'location': '', 'condition': 'GOOD', 'status': 'PENDING', 'description': '', 'images': [], 'is_featured': False, 'main_image': '', 'gallery': []}}}
  {'type': 'missing', 'loc': ('body', 'year'), 'msg': 'Field required', 'input': {'asset_data': {'name': 'BT-19', 'category': 'OTHER', 'subcategory': 'Betoneira', 'brand': 'Volvo', 'model': '10C150', 'year': '2022', 'serial_number': '123.65954', 'location': '', 'condition': 'GOOD', 'status': 'PENDING', 'description': '', 'images': [], 'is_featured': False, 'main_image': '', 'gallery': []}}}
  {'type': 'missing', 'loc': ('body', 'serial_number'), 'msg': 'Field required', 'input': {'asset_data': {'name': 'BT-19', 'category': 'OTHER', 'subcategory': 'Betoneira', 'brand': 'Volvo', 'model': '10C150', 'year': '2022', 'serial_number': '123.65954', 'location': '', 'condition': 'GOOD', 'status': 'PENDING', 'description': '', 'images': [], 'is_featured': False, 'main_image': '', 'gallery': []}}}
  {'type': 'missing', 'loc': ('body', 'location'), 'msg': 'Field required', 'input': {'asset_data': {'name': 'BT-19', 'category': 'OTHER', 'subcategory': 'Betoneira', 'brand': 'Volvo', 'model': '10C150', 'year': '2022', 'serial_number': '123.65954', 'location': '', 'condition': 'GOOD', 'status': 'PENDING', 'description': '', 'images': [], 'is_featured': False, 'main_image': '', 'gallery': []}}}
  {'type': 'missing', 'loc': ('body', 'condition'), 'msg': 'Field required', 'input': {'asset_data': {'name': 'BT-19', 'category': 'OTHER', 'subcategory': 'Betoneira', 'brand': 'Volvo', 'model': '10C150', 'year': '2022', 'serial_number': '123.65954', 'location': '', 'condition': 'GOOD', 'status': 'PENDING', 'description': '', 'images': [], 'is_featured': False, 'main_image': '', 'gallery': []}}}
  {'type': 'missing', 'loc': ('body', 'description'), 'msg': 'Field required', 'input': {'asset_data': {'name': 'BT-19', 'category': 'OTHER', 'subcategory': 'Betoneira', 'brand': 'Volvo', 'model': '10C150', 'year': '2022', 'serial_number': '123.65954', 'location': '', 'condition': 'GOOD', 'status': 'PENDING', 'description': '', 'images': [], 'is_featured': False, 'main_image': '', 'gallery': []}}}
  {'type': 'missing', 'loc': ('body', 'main_image'), 'msg': 'Field required', 'input': {'asset_data': {'name': 'BT-19', 'category': 'OTHER', 'subcategory': 'Betoneira', 'brand': 'Volvo', 'model': '10C150', 'year': '2022', 'serial_number': '123.65954', 'location': '', 'condition': 'GOOD', 'status': 'PENDING', 'description': '', 'images': [], 'is_featured': False, 'main_image': '', 'gallery': []}}}
  {'type': 'missing', 'loc': ('body', 'created_by_user_id'), 'msg': 'Field required', 'input': {'asset_data': {'name': 'BT-19', 'category': 'OTHER', 'subcategory': 'Betoneira', 'brand': 'Volvo', 'model': '10C150', 'year': '2022', 'serial_number': '123.65954', 'location': '', 'condition': 'GOOD', 'status': 'PENDING', 'description': '', 'images': [], 'is_featured': False, 'main_image': '', 'gallery': []}}}

  File "C:\Users\herik.rezende\Projetos\ativos-project\backend\api\v1\admin_assets.py", line 23, in create_asset
    POST /api/v1/admin/assets/ 
2026-03-19 16:55:37 |  | ERROR  Database connection error: 12 validation errors:
  {'type': 'missing', 'loc': ('body', 'name'), 'msg': 'Field required', 'input': {'asset_data': {'name': 'BT-19', 'category': 'OTHER', 'subcategory': 'Betoneira', 'brand': 'Volvo', 'model': '10C150', 'year': '2022', 'serial_number': '123.65954', 'location': '', 'condition': 'GOOD', 'status': 'PENDING', 'description': '', 'images': [], 'is_featured': False, 'main_image': '', 'gallery': []}}}
  {'type': 'missing', 'loc': ('body', 'category'), 'msg': 'Field required', 'input': {'asset_data': {'name': 'BT-19', 'category': 'OTHER', 'subcategory': 'Betoneira', 'brand': 'Volvo', 'model': '10C150', 'year': '2022', 'serial_number': '123.65954', 'location': '', 'condition': 'GOOD', 'status': 'PENDING', 'description': '', 'images': [], 'is_featured': False, 'main_image': '', 'gallery': []}}}
  {'type': 'missing', 'loc': ('body', 'subcategory'), 'msg': 'Field required', 'input': {'asset_data': {'name': 'BT-19', 'category': 'OTHER', 'subcategory': 'Betoneira', 'brand': 'Volvo', 'model': '10C150', 'year': '2022', 'serial_number': '123.65954', 'location': '', 'condition': 'GOOD', 'status': 'PENDING', 'description': '', 'images': [], 'is_featured': False, 'main_image': '', 'gallery': []}}}
  {'type': 'missing', 'loc': ('body', 'brand'), 'msg': 'Field required', 'input': {'asset_data': {'name': 'BT-19', 'category': 'OTHER', 'subcategory': 'Betoneira', 'brand': 'Volvo', 'model': '10C150', 'year': '2022', 'serial_number': '123.65954', 'location': '', 'condition': 'GOOD', 'status': 'PENDING', 'description': '', 'images': [], 'is_featured': False, 'main_image': '', 'gallery': []}}}
  {'type': 'missing', 'loc': ('body', 'model'), 'msg': 'Field required', 'input': {'asset_data': {'name': 'BT-19', 'category': 'OTHER', 'subcategory': 'Betoneira', 'brand': 'Volvo', 'model': '10C150', 'year': '2022', 'serial_number': '123.65954', 'location': '', 'condition': 'GOOD', 'status': 'PENDING', 'description': '', 'images': [], 'is_featured': False, 'main_image': '', 'gallery': []}}}
  {'type': 'missing', 'loc': ('body', 'year'), 'msg': 'Field required', 'input': {'asset_data': {'name': 'BT-19', 'category': 'OTHER', 'subcategory': 'Betoneira', 'brand': 'Volvo', 'model': '10C150', 'year': '2022', 'serial_number': '123.65954', 'location': '', 'condition': 'GOOD', 'status': 'PENDING', 'description': '', 'images': [], 'is_featured': False, 'main_image': '', 'gallery': []}}}
  {'type': 'missing', 'loc': ('body', 'serial_number'), 'msg': 'Field required', 'input': {'asset_data': {'name': 'BT-19', 'category': 'OTHER', 'subcategory': 'Betoneira', 'brand': 'Volvo', 'model': '10C150', 'year': '2022', 'serial_number': '123.65954', 'location': '', 'condition': 'GOOD', 'status': 'PENDING', 'description': '', 'images': [], 'is_featured': False, 'main_image': '', 'gallery': []}}}
  {'type': 'missing', 'loc': ('body', 'location'), 'msg': 'Field required', 'input': {'asset_data': {'name': 'BT-19', 'category': 'OTHER', 'subcategory': 'Betoneira', 'brand': 'Volvo', 'model': '10C150', 'year': '2022', 'serial_number': '123.65954', 'location': '', 'condition': 'GOOD', 'status': 'PENDING', 'description': '', 'images': [], 'is_featured': False, 'main_image': '', 'gallery': []}}}
  {'type': 'missing', 'loc': ('body', 'condition'), 'msg': 'Field required', 'input': {'asset_data': {'name': 'BT-19', 'category': 'OTHER', 'subcategory': 'Betoneira', 'brand': 'Volvo', 'model': '10C150', 'year': '2022', 'serial_number': '123.65954', 'location': '', 'condition': 'GOOD', 'status': 'PENDING', 'description': '', 'images': [], 'is_featured': False, 'main_image': '', 'gallery': []}}}
  {'type': 'missing', 'loc': ('body', 'description'), 'msg': 'Field required', 'input': {'asset_data': {'name': 'BT-19', 'category': 'OTHER', 'subcategory': 'Betoneira', 'brand': 'Volvo', 'model': '10C150', 'year': '2022', 'serial_number': '123.65954', 'location': '', 'condition': 'GOOD', 'status': 'PENDING', 'description': '', 'images': [], 'is_featured': False, 'main_image': '', 'gallery': []}}}
  {'type': 'missing', 'loc': ('body', 'main_image'), 'msg': 'Field required', 'input': {'asset_data': {'name': 'BT-19', 'category': 'OTHER', 'subcategory': 'Betoneira', 'brand': 'Volvo', 'model': '10C150', 'year': '2022', 'serial_number': '123.65954', 'location': '', 'condition': 'GOOD', 'status': 'PENDING', 'description': '', 'images': [], 'is_featured': False, 'main_image': '', 'gallery': []}}}
  {'type': 'missing', 'loc': ('body', 'created_by_user_id'), 'msg': 'Field required', 'input': {'asset_data': {'name': 'BT-19', 'category': 'OTHER', 'subcategory': 'Betoneira', 'brand': 'Volvo', 'model': '10C150', 'year': '2022', 'serial_number': '123.65954', 'location': '', 'condition': 'GOOD', 'status': 'PENDING', 'description': '', 'images': [], 'is_featured': False, 'main_image': '', 'gallery': []}}}

  File "C:\Users\herik.rezende\Projetos\ativos-project\backend\api\v1\admin_assets.py", line 23, in create_asset
    POST /api/v1/admin/assets/ 
2026-03-20 07:29:48 |  | ERROR  Database connection error: 3 validation errors:
  {'type': 'string_too_short', 'loc': ('body', 'location'), 'msg': 'String should have at least 2 characters', 'input': '', 'ctx': {'min_length': 2}}
  {'type': 'string_too_short', 'loc': ('body', 'description'), 'msg': 'String should have at least 10 characters', 'input': '', 'ctx': {'min_length': 10}}
  {'type': 'string_too_short', 'loc': ('body', 'main_image'), 'msg': 'String should have at least 5 characters', 'input': '', 'ctx': {'min_length': 5}}

  File "C:\Users\herik.rezende\Projetos\ativos-project\backend\api\v1\admin_assets.py", line 23, in create_asset
    POST /api/v1/admin/assets/ 
2026-03-20 07:29:58 |  | ERROR  Database connection error: 3 validation errors:
  {'type': 'string_too_short', 'loc': ('body', 'location'), 'msg': 'String should have at least 2 characters', 'input': '', 'ctx': {'min_length': 2}}
  {'type': 'string_too_short', 'loc': ('body', 'description'), 'msg': 'String should have at least 10 characters', 'input': '', 'ctx': {'min_length': 10}}
  {'type': 'string_too_short', 'loc': ('body', 'main_image'), 'msg': 'String should have at least 5 characters', 'input': '', 'ctx': {'min_length': 5}}

  File "C:\Users\herik.rezende\Projetos\ativos-project\backend\api\v1\admin_assets.py", line 23, in create_asset
    POST /api/v1/admin/assets/ 
2026-03-20 07:37:27 |  | ERROR  Database connection error: 1 validation error:
  {'type': 'string_too_short', 'loc': ('body', 'main_image'), 'msg': 'String should have at least 5 characters', 'input': '', 'ctx': {'min_length': 5}}

  File "C:\Users\herik.rezende\Projetos\ativos-project\backend\api\v1\admin_assets.py", line 23, in create_asset
    POST /api/v1/admin/assets/ 
2026-03-20 07:40:24 |  | ERROR  Database connection error: 1 validation error:
  {'type': 'string_too_short', 'loc': ('body', 'main_image'), 'msg': 'String should have at least 5 characters', 'input': '', 'ctx': {'min_length': 5}}

  File "C:\Users\herik.rezende\Projetos\ativos-project\backend\api\v1\admin_assets.py", line 23, in create_asset
    POST /api/v1/admin/assets/ 
2026-03-20 07:40:43 |  | ERROR  Database connection error: 1 validation error:
  {'type': 'string_too_short', 'loc': ('body', 'main_image'), 'msg': 'String should have at least 5 characters', 'input': '', 'ctx': {'min_length': 5}}

  File "C:\Users\herik.rezende\Projetos\ativos-project\backend\api\v1\admin_assets.py", line 23, in create_asset
    POST /api/v1/admin/assets/ 
2026-03-20 07:41:01 |  | ERROR  Database connection error: 1 validation error:
  {'type': 'string_too_short', 'loc': ('body', 'main_image'), 'msg': 'String should have at least 5 characters', 'input': '', 'ctx': {'min_length': 5}}

  File "C:\Users\herik.rezende\Projetos\ativos-project\backend\api\v1\admin_assets.py", line 23, in create_asset
    POST /api/v1/admin/assets/ 
2026-03-20 07:44:33 |  | ERROR  Database connection error: 1 validation error:
  {'type': 'string_too_short', 'loc': ('body', 'main_image'), 'msg': 'String should have at least 5 characters', 'input': '', 'ctx': {'min_length': 5}}

  File "C:\Users\herik.rezende\Projetos\ativos-project\backend\api\v1\admin_assets.py", line 23, in create_asset
    POST /api/v1/admin/assets/ 
2026-03-20 07:47:02 |  | ERROR  Database connection error: 1 validation error:
  {'type': 'string_too_short', 'loc': ('body', 'main_image'), 'msg': 'String should have at least 5 characters', 'input': '', 'ctx': {'min_length': 5}}

  File "C:\Users\herik.rezende\Projetos\ativos-project\backend\api\v1\admin_assets.py", line 23, in create_asset
    POST /api/v1/admin/assets/ 
2026-03-20 08:14:14 |  | ERROR  Error creating asset: registro "new" năo tem campo "search_vector" 
2026-03-20 08:14:14 |  | ERROR  Database connection error: 500: {'message': 'Failed to create asset', 'code': 'infrastructure_error'} 
2026-03-20 08:16:48 |  | ERROR  Error creating asset: registro "new" năo tem campo "search_vector" 
2026-03-20 08:16:48 |  | ERROR  Database connection error: 500: {'message': 'Failed to create asset', 'code': 'infrastructure_error'} 
2026-03-20 08:20:07 |  | ERROR  Error creating asset: registro "new" năo tem campo "search_vector" 
2026-03-20 08:20:07 |  | ERROR  Database connection error: 500: {'message': 'Failed to create asset', 'code': 'infrastructure_error'} 
2026-03-20 08:32:36 |  | ERROR  Error creating asset: registro "new" năo tem campo "search_vector" 
2026-03-20 08:32:36 |  | ERROR  Database connection error: 500: {'message': 'Failed to create asset', 'code': 'infrastructure_error'} 
2026-03-20 08:46:35 |  | ERROR  Error creating asset: registro "new" năo tem campo "search_vector" 
2026-03-20 08:46:35 |  | ERROR  Database connection error: 500: {'message': 'Failed to create asset', 'code': 'infrastructure_error'} 
2026-03-20 08:52:07 |  | ERROR  Error creating asset: 1 validation error for Asset
specifications
  Input should be a valid dictionary [type=dict_type, input_value='{"additionalProp1": {}}', input_type=str]
    For further information visit https://errors.pydantic.dev/2.12/v/dict_type 
2026-03-20 08:52:07 |  | ERROR  Database connection error: 400: {'message': '1 validation error for Asset\nspecifications\n  Input should be a valid dictionary [type=dict_type, input_value=\'{"additionalProp1": {}}\', input_type=str]\n    For further information visit https://errors.pydantic.dev/2.12/v/dict_type', 'code': 'validation_error'} 
2026-03-20 08:54:17 |  | ERROR  Error creating asset: 1 validation error for Asset
specifications
  Input should be a valid dictionary [type=dict_type, input_value='{"additionalProp1": {}}', input_type=str]
    For further information visit https://errors.pydantic.dev/2.12/v/dict_type 
2026-03-20 08:54:17 |  | ERROR  Database connection error: 400: {'message': '1 validation error for Asset\nspecifications\n  Input should be a valid dictionary [type=dict_type, input_value=\'{"additionalProp1": {}}\', input_type=str]\n    For further information visit https://errors.pydantic.dev/2.12/v/dict_type', 'code': 'validation_error'} 
2026-03-20 08:54:36 |  | ERROR  Error creating asset: invalid input for query argument $15: {'additionalProp1': {}} (expected str, got dict) 
2026-03-20 08:54:36 |  | ERROR  Database connection error: 500: {'message': 'Failed to create asset', 'code': 'infrastructure_error'} 
2026-03-20 08:55:45 |  | ERROR  Error creating asset: invalid input for query argument $15: {} (expected str, got dict) 
2026-03-20 08:55:45 |  | ERROR  Database connection error: 500: {'message': 'Failed to create asset', 'code': 'infrastructure_error'} 
2026-03-20 09:14:28 |  | ERROR  Error updating asset 9d3b5f48-9520-4a8d-ae2e-5dd94068a948: invalid input for query argument $15: {'additionalProp1': {}} (expected str, got dict) 
2026-03-20 09:14:28 |  | ERROR  Database connection error: 500: {'message': 'Failed to update asset', 'code': 'infrastructure_error'} 
2026-03-20 09:15:18 |  | ERROR  Database connection error: 2 validation errors:
  {'type': 'uuid_parsing', 'loc': ('body', 'id'), 'msg': 'Input should be a valid UUID, invalid length: expected length 32 for simple format, found 0', 'input': '', 'ctx': {'error': 'invalid length: expected length 32 for simple format, found 0'}}
  {'type': 'string_too_short', 'loc': ('body', 'name'), 'msg': 'String should have at least 2 characters', 'input': '', 'ctx': {'min_length': 2}}

  File "C:\Users\herik.rezende\Projetos\ativos-project\backend\api\v1\admin_assets.py", line 85, in update_asset
    PATCH /api/v1/admin/assets/{asset_id} 
2026-03-20 14:00:03 |  | ERROR  Error fetching featured assets: 1 validation error for Asset
status
  Input should be 'PENDENTE', 'DISPONÍVEL', 'RESERVADO', 'VENDIDO' or 'REJEITADO' [type=enum, input_value='DISPONIVEL', input_type=str]
    For further information visit https://errors.pydantic.dev/2.12/v/enum 
2026-03-20 14:00:03 |  | ERROR  Database connection error: 500: {'message': 'Failed to fetch featured assets', 'code': 'infrastructure_error'} 
2026-03-20 14:23:00 |  | ERROR  Error setting main image 758483ac-5989-45fd-9d82-ff4a2c8c06a8 for asset 7b32bf4b-7b4e-4436-871a-7a051b1a48bd: coluna "main_image" da relaçăo "assets" năo existe 
2026-03-20 14:23:00 |  | ERROR  Error creating image metadata: coluna "main_image" da relaçăo "assets" năo existe 
2026-03-20 14:23:00 |  | ERROR  Database connection error: 500: {'message': 'Failed to upload image metadata', 'code': 'infrastructure_error'} 
2026-03-20 14:31:56 |  | ERROR  Error setting main image 1e2dafbc-46a8-4a3e-9dcf-232fd0b3a944 for asset 7b32bf4b-7b4e-4436-871a-7a051b1a48bd: coluna "main_image" da relaçăo "assets" năo existe 
2026-03-20 14:31:56 |  | ERROR  Error creating image metadata: coluna "main_image" da relaçăo "assets" năo existe 
2026-03-20 14:31:56 |  | ERROR  Database connection error: 500: {'message': 'Failed to upload image metadata', 'code': 'infrastructure_error'} 
2026-03-23 08:57:51 |  | ERROR  Database connection error: 404: Asset not found 
2026-03-23 08:58:15 |  | ERROR  Database connection error: 404: Asset not found 
2026-03-23 08:59:38 |  | ERROR  Database connection error: 404: Asset not found 
2026-03-23 09:00:43 |  | ERROR  Database connection error: 404: Asset not found 
2026-03-23 09:01:09 |  | ERROR  Database connection error: 404: Asset not found 
2026-03-23 09:11:19 |  | ERROR  Database connection error: 401: Could not validate credentials 
2026-03-23 10:20:41 |  | ERROR  Database connection error: 1 validation error:
  {'type': 'model_attributes_type', 'loc': ('response',), 'msg': 'Input should be a valid dictionary or object to extract fields from', 'input': None}

  File "C:\Users\herik.rezende\Projetos\ativos-project\backend\api\v1\users.py", line 94, in admin_update_user
    PATCH /api/v1/users/{user_id} 
2026-03-23 10:47:26 |  | ERROR  Database connection error: 401: Could not validate credentials 
2026-03-23 10:56:30 |  | ERROR  Database connection error: 401: Could not validate credentials 
2026-03-23 10:56:30 |  | ERROR  Database connection error: 401: Could not validate credentials 
2026-03-23 10:56:58 |  | ERROR  Database connection error: 401: Incorrect email or password 
2026-03-23 13:59:09 |  | ERROR  Database connection error: 404: Asset not found 
2026-03-23 15:21:47 |  | ERROR  Database connection error: 401: Could not validate credentials 
2026-03-23 15:21:47 |  | ERROR  Database connection error: 401: Could not validate credentials 
2026-03-23 15:22:03 |  | ERROR  Database connection error: 401: Could not validate credentials 
2026-03-23 15:22:03 |  | ERROR  Database connection error: 401: Could not validate credentials 
2026-03-23 15:22:35 |  | ERROR  Database connection error: 401: Could not validate credentials 
2026-03-23 15:22:35 |  | ERROR  Database connection error: 401: Could not validate credentials 
2026-03-23 16:38:30 |  | ERROR  Error creating image metadata: duplicar valor da chave viola a restriçăo de unicidade "idx_image_metadata_only_one_main"
DETAIL:  Chave (asset_id)=(f4ac23d9-83f7-4b11-b131-6e7ea42c60c5) já existe. 
2026-03-23 16:38:30 |  | ERROR  Database connection error: 500: {'message': 'Failed to upload image metadata', 'code': 'infrastructure_error'} 
2026-03-23 16:38:30 |  | ERROR  Error deleting image metadata 6e22643f-8792-441d-8265-4d0bcab4d327: coluna "main_image" da relaçăo "assets" năo existe 
2026-03-23 16:38:30 |  | ERROR  Database connection error: 500: {'message': 'Failed to delete image', 'code': 'infrastructure_error'} 
2026-03-23 16:38:43 |  | ERROR  Error setting main image 78708fde-9f63-4dd6-b4c4-414b7e01a8ad for asset 72667426-f3c3-4b2e-958f-4156ef7b2aa3: duplicar valor da chave viola a restriçăo de unicidade "idx_image_metadata_only_one_main"
DETAIL:  Chave (asset_id)=(72667426-f3c3-4b2e-958f-4156ef7b2aa3) já existe. 
2026-03-23 16:38:43 |  | ERROR  Error setting main image b8d8fa92-301d-48aa-b4fc-5c311b78d61b for asset 72667426-f3c3-4b2e-958f-4156ef7b2aa3: duplicar valor da chave viola a restriçăo de unicidade "idx_image_metadata_only_one_main"
DETAIL:  Chave (asset_id)=(72667426-f3c3-4b2e-958f-4156ef7b2aa3) já existe. 
2026-03-23 16:38:43 |  | ERROR  Error creating image metadata: duplicar valor da chave viola a restriçăo de unicidade "idx_image_metadata_only_one_main"
DETAIL:  Chave (asset_id)=(72667426-f3c3-4b2e-958f-4156ef7b2aa3) já existe. 
2026-03-23 16:38:43 |  | ERROR  Database connection error: 500: {'message': 'Failed to upload image metadata', 'code': 'infrastructure_error'} 
2026-03-23 16:38:43 |  | ERROR  Error creating image metadata: duplicar valor da chave viola a restriçăo de unicidade "idx_image_metadata_only_one_main"
DETAIL:  Chave (asset_id)=(72667426-f3c3-4b2e-958f-4156ef7b2aa3) já existe. 
2026-03-23 16:38:43 |  | ERROR  Database connection error: 500: {'message': 'Failed to upload image metadata', 'code': 'infrastructure_error'} 
2026-03-23 16:38:43 |  | ERROR  Error setting main image d27a24e3-af29-47ce-97bd-f22519b377d0 for asset 72667426-f3c3-4b2e-958f-4156ef7b2aa3: duplicar valor da chave viola a restriçăo de unicidade "idx_image_metadata_only_one_main"
DETAIL:  Chave (asset_id)=(72667426-f3c3-4b2e-958f-4156ef7b2aa3) já existe. 
2026-03-23 16:38:43 |  | ERROR  Error creating image metadata: duplicar valor da chave viola a restriçăo de unicidade "idx_image_metadata_only_one_main"
DETAIL:  Chave (asset_id)=(72667426-f3c3-4b2e-958f-4156ef7b2aa3) já existe. 
2026-03-23 16:38:43 |  | ERROR  Database connection error: 500: {'message': 'Failed to upload image metadata', 'code': 'infrastructure_error'} 
2026-03-23 16:38:43 |  | ERROR  Error deleting image metadata e7752805-5fad-4e88-a147-2e22cfaae462: coluna "main_image" da relaçăo "assets" năo existe 
2026-03-23 16:38:43 |  | ERROR  Database connection error: 500: {'message': 'Failed to delete image', 'code': 'infrastructure_error'} 
2026-03-23 16:40:06 |  | ERROR  Error setting main image a5adf235-de35-40d1-9506-cbd0876cc04a for asset 195f0402-8390-42c9-a9ee-1cd1f6e08857: duplicar valor da chave viola a restriçăo de unicidade "idx_image_metadata_only_one_main"
DETAIL:  Chave (asset_id)=(195f0402-8390-42c9-a9ee-1cd1f6e08857) já existe. 
2026-03-23 16:40:06 |  | ERROR  Error creating image metadata: duplicar valor da chave viola a restriçăo de unicidade "idx_image_metadata_only_one_main"
DETAIL:  Chave (asset_id)=(195f0402-8390-42c9-a9ee-1cd1f6e08857) já existe. 
2026-03-23 16:40:06 |  | ERROR  Database connection error: 500: {'message': 'Failed to upload image metadata', 'code': 'infrastructure_error'} 
2026-03-23 16:40:06 |  | ERROR  Error setting main image bdf72a6f-c5ce-4f23-8250-326414ac77f7 for asset 195f0402-8390-42c9-a9ee-1cd1f6e08857: duplicar valor da chave viola a restriçăo de unicidade "idx_image_metadata_only_one_main"
DETAIL:  Chave (asset_id)=(195f0402-8390-42c9-a9ee-1cd1f6e08857) já existe. 
2026-03-23 16:40:06 |  | ERROR  Database connection error: 500: {'message': 'Failed to upload image metadata', 'code': 'infrastructure_error'} 
2026-03-23 16:40:06 |  | ERROR  Error deleting image metadata 1492718c-4618-42e0-a1d4-332e4d0b5918: coluna "main_image" da relaçăo "assets" năo existe 
2026-03-23 16:40:06 |  | ERROR  Database connection error: 500: {'message': 'Failed to delete image', 'code': 'infrastructure_error'} 
2026-03-23 16:40:48 |  | ERROR  Error creating image metadata: duplicar valor da chave viola a restriçăo de unicidade "idx_image_metadata_only_one_main"
DETAIL:  Chave (asset_id)=(2ed53204-3e8c-40f6-a22f-d8a440a94df0) já existe. 
2026-03-23 16:40:48 |  | ERROR  Database connection error: 500: {'message': 'Failed to upload image metadata', 'code': 'infrastructure_error'} 
2026-03-23 16:40:48 |  | ERROR  Error deleting image metadata 86ba4aa3-ae18-4478-8f4e-9e9760f89d3e: coluna "main_image" da relaçăo "assets" năo existe 
2026-03-23 16:40:48 |  | ERROR  Database connection error: 500: {'message': 'Failed to delete image', 'code': 'infrastructure_error'} 
2026-03-23 16:40:57 |  | ERROR  Error creating image metadata: duplicar valor da chave viola a restriçăo de unicidade "idx_image_metadata_only_one_main"
DETAIL:  Chave (asset_id)=(fbda2343-5d89-4de2-9db7-6433de5fb0ff) já existe. 
2026-03-23 16:40:57 |  | ERROR  Database connection error: 500: {'message': 'Failed to upload image metadata', 'code': 'infrastructure_error'} 
2026-03-23 16:40:57 |  | ERROR  Error deleting image metadata a1dd9b23-785e-4613-a591-da84f0e64b2d: coluna "main_image" da relaçăo "assets" năo existe 
2026-03-23 16:40:57 |  | ERROR  Database connection error: 500: {'message': 'Failed to delete image', 'code': 'infrastructure_error'} 
2026-03-23 16:41:16 |  | ERROR  Error creating image metadata: duplicar valor da chave viola a restriçăo de unicidade "idx_image_metadata_only_one_main"
DETAIL:  Chave (asset_id)=(29ed1f1d-c70b-4e4c-b1db-fe81b7c99e75) já existe. 
2026-03-23 16:41:16 |  | ERROR  Database connection error: 500: {'message': 'Failed to upload image metadata', 'code': 'infrastructure_error'} 
2026-03-23 16:41:16 |  | ERROR  Error deleting image metadata 3ca6b4e8-1afb-47b9-90b4-39451e9fee54: coluna "main_image" da relaçăo "assets" năo existe 
2026-03-23 16:41:16 |  | ERROR  Database connection error: 500: {'message': 'Failed to delete image', 'code': 'infrastructure_error'} 
2026-03-23 16:42:08 |  | ERROR  Error deleting image metadata e7752805-5fad-4e88-a147-2e22cfaae462: coluna "main_image" da relaçăo "assets" năo existe 
2026-03-23 16:42:08 |  | ERROR  Database connection error: 500: {'message': 'Failed to delete image', 'code': 'infrastructure_error'} 
2026-03-23 16:42:21 |  | ERROR  Error deleting image metadata 3ca6b4e8-1afb-47b9-90b4-39451e9fee54: coluna "main_image" da relaçăo "assets" năo existe 
2026-03-23 16:42:21 |  | ERROR  Database connection error: 500: {'message': 'Failed to delete image', 'code': 'infrastructure_error'} 
2026-03-23 16:42:28 |  | ERROR  Error deleting image metadata a1dd9b23-785e-4613-a591-da84f0e64b2d: coluna "main_image" da relaçăo "assets" năo existe 
2026-03-23 16:42:28 |  | ERROR  Database connection error: 500: {'message': 'Failed to delete image', 'code': 'infrastructure_error'} 
2026-03-23 16:51:51 |  | ERROR  Error creating image metadata: duplicar valor da chave viola a restriçăo de unicidade "idx_image_metadata_only_one_main"
DETAIL:  Chave (asset_id)=(cd5b2b19-0aa9-4847-904a-32f858c95010) já existe. 
2026-03-23 16:51:51 |  | ERROR  Database connection error: 500: {'message': 'Failed to upload image metadata', 'code': 'infrastructure_error'} 
2026-03-24 07:21:22 |  | ERROR  Error deleting image metadata 20178c16-7f08-458b-88a6-e52d69a7e44c: coluna "main_image" da relaçăo "assets" năo existe 
2026-03-24 07:21:22 |  | ERROR  Database connection error: 500: {'message': 'Failed to delete image', 'code': 'infrastructure_error'} 
2026-03-24 07:31:17 |  | ERROR  Database connection error: 404: Asset not found 
2026-03-24 07:33:12 |  | ERROR  Database connection error: 404: Asset not found 
2026-03-24 07:38:41 |  | ERROR  Database connection error: 404: Asset not found 
2026-03-24 07:47:26 |  | ERROR  Database connection error: 404: Asset not found 
2026-03-24 07:48:01 |  | ERROR  Database connection error: 404: Asset not found 
